<?xml version="1.0" encoding="UTF-8"?>
<testng-results ignored="0" total="2" passed="2" failed="0" skipped="0">
  <reporter-output>
  </reporter-output>
  <suite started-at="2021-07-26T19:06:55 IST" name="Suite" finished-at="2021-07-26T19:08:06 IST" duration-ms="71085">
    <groups>
    </groups>
    <test started-at="2021-07-26T19:06:55 IST" name="Test" finished-at="2021-07-26T19:08:06 IST" duration-ms="71085">
      <class name="test_runner.MethodCalling">
        <test-method is-config="true" signature="Initilization()[pri:0, instance:test_runner.MethodCalling@54422e18]" started-at="2021-07-26T19:06:55 IST" name="Initilization" finished-at="2021-07-26T19:07:05 IST" duration-ms="9692" status="PASS">
          <reporter-output>
          </reporter-output>
        </test-method> <!-- Initilization -->
        <test-method signature="searchFlight()[pri:0, instance:test_runner.MethodCalling@54422e18]" started-at="2021-07-26T19:07:05 IST" name="searchFlight" finished-at="2021-07-26T19:08:05 IST" duration-ms="60262" status="PASS">
          <reporter-output>
          </reporter-output>
        </test-method> <!-- searchFlight -->
        <test-method signature="flightSearchResult()[pri:1, instance:test_runner.MethodCalling@54422e18]" started-at="2021-07-26T19:08:05 IST" name="flightSearchResult" finished-at="2021-07-26T19:08:05 IST" duration-ms="170" status="PASS">
          <reporter-output>
          </reporter-output>
        </test-method> <!-- flightSearchResult -->
        <test-method is-config="true" signature="tearDown()[pri:0, instance:test_runner.MethodCalling@54422e18]" started-at="2021-07-26T19:08:05 IST" name="tearDown" finished-at="2021-07-26T19:08:06 IST" duration-ms="928" status="PASS">
          <reporter-output>
          </reporter-output>
        </test-method> <!-- tearDown -->
      </class> <!-- test_runner.MethodCalling -->
    </test> <!-- Test -->
  </suite> <!-- Suite -->
</testng-results>
